<?xml version="1.0" encoding="UTF-8"?>
<testng-results ignored="0" total="2" passed="2" failed="0" skipped="0">
  <reporter-output>
  </reporter-output>
  <suite started-at="2024-04-16T17:17:40 IST" name="Suite" finished-at="2024-04-16T17:18:48 IST" duration-ms="67382">
    <groups>
    </groups>
    <test started-at="2024-04-16T17:17:40 IST" name="Test" finished-at="2024-04-16T17:18:48 IST" duration-ms="67382">
      <class name="RWS.tests.AccessibilityTest">
        <test-method signature="Operable(java.lang.String,java.lang.String)[pri:0, instance:RWS.tests.AccessibilityTest@2d0399f4]" started-at="2024-04-16T17:17:40 IST" name="Operable" data-provider="getData" finished-at="2024-04-16T17:18:14 IST" duration-ms="34024" status="PASS">
          <params>
            <param index="0">
              <value>
                <![CDATA[https://www.heart.org/]]>
              </value>
            </param>
            <param index="1">
              <value>
                <![CDATA[HomePage]]>
              </value>
            </param>
          </params>
          <reporter-output>
          </reporter-output>
        </test-method> <!-- Operable -->
        <test-method is-config="true" signature="closeBrowser()[pri:0, instance:RWS.tests.AccessibilityTest@2d0399f4]" started-at="2024-04-16T17:18:14 IST" name="closeBrowser" finished-at="2024-04-16T17:18:14 IST" duration-ms="129" status="PASS">
          <reporter-output>
          </reporter-output>
        </test-method> <!-- closeBrowser -->
        <test-method signature="Perceivable(java.lang.String,java.lang.String)[pri:0, instance:RWS.tests.AccessibilityTest@2d0399f4]" started-at="2024-04-16T17:18:14 IST" name="Perceivable" data-provider="getData" finished-at="2024-04-16T17:18:47 IST" duration-ms="33081" status="PASS">
          <params>
            <param index="0">
              <value>
                <![CDATA[https://www.heart.org/]]>
              </value>
            </param>
            <param index="1">
              <value>
                <![CDATA[HomePage]]>
              </value>
            </param>
          </params>
          <reporter-output>
          </reporter-output>
        </test-method> <!-- Perceivable -->
        <test-method is-config="true" signature="closeBrowser()[pri:0, instance:RWS.tests.AccessibilityTest@2d0399f4]" started-at="2024-04-16T17:18:47 IST" name="closeBrowser" finished-at="2024-04-16T17:18:48 IST" duration-ms="111" status="PASS">
          <reporter-output>
          </reporter-output>
        </test-method> <!-- closeBrowser -->
      </class> <!-- RWS.tests.AccessibilityTest -->
    </test> <!-- Test -->
  </suite> <!-- Suite -->
</testng-results>
